[    0.000000] Linux version 4.15.0-121-generic (buildd@lgw01-amd64-034) (gcc version 7.5.0 (Ubuntu 7.5.0-3ubuntu1~18.04)) #123-Ubuntu SMP Mon Oct 5 16:16:40 UTC 2020 (Ubuntu 4.15.0-121.123-generic 4.15.18)
[    0.000000] Command line: BOOT_IMAGE=/boot/vmlinuz-4.15.0-121-generic root=LABEL=cloudimg-rootfs ro console=tty1 console=ttyS0
[    0.000000] KERNEL supported cpus:
[    0.000000]   Intel GenuineIntel
[    0.000000]   AMD AuthenticAMD
[    0.000000]   Centaur CentaurHauls
[    0.000000] x86/fpu: Supporting XSAVE feature 0x001: 'x87 floating point registers'
[    0.000000] x86/fpu: Supporting XSAVE feature 0x002: 'SSE registers'
[    0.000000] x86/fpu: Supporting XSAVE feature 0x004: 'AVX registers'
[    0.000000] x86/fpu: xstate_offset[2]:  576, xstate_sizes[2]:  256
[    0.000000] x86/fpu: Enabled xstate features 0x7, context size is 832 bytes, using 'standard' format.
[    0.000000] e820: BIOS-provided physical RAM map:
[    0.000000] BIOS-e820: [mem 0x0000000000000000-0x000000000009fbff] usable
[    0.000000] BIOS-e820: [mem 0x000000000009fc00-0x000000000009ffff] reserved
[    0.000000] BIOS-e820: [mem 0x00000000000f0000-0x00000000000fffff] reserved
[    0.000000] BIOS-e820: [mem 0x0000000000100000-0x000000003ffeffff] usable
[    0.000000] BIOS-e820: [mem 0x000000003fff0000-0x000000003fffffff] ACPI data
[    0.000000] BIOS-e820: [mem 0x00000000fec00000-0x00000000fec00fff] reserved
[    0.000000] BIOS-e820: [mem 0x00000000fee00000-0x00000000fee00fff] reserved
[    0.000000] BIOS-e820: [mem 0x00000000fffc0000-0x00000000ffffffff] reserved
[    0.000000] NX (Execute Disable) protection: active
[    0.000000] SMBIOS 2.5 present.
[    0.000000] DMI: innotek GmbH VirtualBox/VirtualBox, BIOS VirtualBox 12/01/2006
[    0.000000] Hypervisor detected: KVM
[    0.000000] e820: last_pfn = 0x3fff0 max_arch_pfn = 0x400000000
[    0.000000] MTRR: Disabled
[    0.000000] x86/PAT: MTRRs disabled, skipping PAT initialization too.
[    0.000000] CPU MTRRs all blank - virtualized system.
[    0.000000] x86/PAT: Configuration [0-7]: WB  WT  UC- UC  WB  WT  UC- UC  
[    0.000000] found SMP MP-table at [mem 0x0009fff0-0x0009ffff]
[    0.000000] Scanning 1 areas for low memory corruption
[    0.000000] RAMDISK: [mem 0x35a63000-0x36d28fff]
[    0.000000] ACPI: Early table checksum verification disabled
[    0.000000] ACPI: RSDP 0x00000000000E0000 000024 (v02 VBOX  )
[    0.000000] ACPI: XSDT 0x000000003FFF0030 00003C (v01 VBOX   VBOXXSDT 00000001 ASL  00000061)
[    0.000000] ACPI: FACP 0x000000003FFF00F0 0000F4 (v04 VBOX   VBOXFACP 00000001 ASL  00000061)
[    0.000000] ACPI: DSDT 0x000000003FFF0470 002325 (v02 VBOX   VBOXBIOS 00000002 INTL 20190509)
[    0.000000] ACPI: FACS 0x000000003FFF0200 000040
[    0.000000] ACPI: FACS 0x000000003FFF0200 000040
[    0.000000] ACPI: APIC 0x000000003FFF0240 00005C (v02 VBOX   VBOXAPIC 00000001 ASL  00000061)
[    0.000000] ACPI: SSDT 0x000000003FFF02A0 0001CC (v01 VBOX   VBOXCPUT 00000002 INTL 20190509)
[    0.000000] No NUMA configuration found
[    0.000000] Faking a node at [mem 0x0000000000000000-0x000000003ffeffff]
[    0.000000] NODE_DATA(0) allocated [mem 0x3ffc5000-0x3ffeffff]
[    0.000000] kvm-clock: cpu 0, msr 0:3ff44001, primary cpu clock
[    0.000000] kvm-clock: Using msrs 4b564d01 and 4b564d00
[    0.000000] kvm-clock: using sched offset of 3913922753 cycles
[    0.000000] clocksource: kvm-clock: mask: 0xffffffffffffffff max_cycles: 0x1cd42e4dffb, max_idle_ns: 881590591483 ns
[    0.000000] Zone ranges:
[    0.000000]   DMA      [mem 0x0000000000001000-0x0000000000ffffff]
[    0.000000]   DMA32    [mem 0x0000000001000000-0x000000003ffeffff]
[    0.000000]   Normal   empty
[    0.000000]   Device   empty
[    0.000000] Movable zone start for each node
[    0.000000] Early memory node ranges
[    0.000000]   node   0: [mem 0x0000000000001000-0x000000000009efff]
[    0.000000]   node   0: [mem 0x0000000000100000-0x000000003ffeffff]
[    0.000000] Reserved but unavailable: 98 pages
[    0.000000] Initmem setup node 0 [mem 0x0000000000001000-0x000000003ffeffff]
[    0.000000] ACPI: PM-Timer IO Port: 0x4008
[    0.000000] IOAPIC[0]: apic_id 2, version 32, address 0xfec00000, GSI 0-23
[    0.000000] ACPI: INT_SRC_OVR (bus 0 bus_irq 0 global_irq 2 dfl dfl)
[    0.000000] ACPI: INT_SRC_OVR (bus 0 bus_irq 9 global_irq 9 low level)
[    0.000000] Using ACPI (MADT) for SMP configuration information
[    0.000000] smpboot: Allowing 2 CPUs, 0 hotplug CPUs
[    0.000000] PM: Registered nosave memory: [mem 0x00000000-0x00000fff]
[    0.000000] PM: Registered nosave memory: [mem 0x0009f000-0x0009ffff]
[    0.000000] PM: Registered nosave memory: [mem 0x000a0000-0x000effff]
[    0.000000] PM: Registered nosave memory: [mem 0x000f0000-0x000fffff]
[    0.000000] e820: [mem 0x40000000-0xfebfffff] available for PCI devices
[    0.000000] Booting paravirtualized kernel on KVM
[    0.000000] clocksource: refined-jiffies: mask: 0xffffffff max_cycles: 0xffffffff, max_idle_ns: 7645519600211568 ns
[    0.000000] random: get_random_bytes called from start_kernel+0x99/0x500 with crng_init=0
[    0.000000] setup_percpu: NR_CPUS:8192 nr_cpumask_bits:2 nr_cpu_ids:2 nr_node_ids:1
[    0.000000] percpu: Embedded 45 pages/cpu s147456 r8192 d28672 u1048576
[    0.000000] PV qspinlock hash table entries: 256 (order: 0, 4096 bytes)
[    0.000000] Built 1 zonelists, mobility grouping on.  Total pages: 257913
[    0.000000] Policy zone: DMA32
[    0.000000] Kernel command line: BOOT_IMAGE=/boot/vmlinuz-4.15.0-121-generic root=LABEL=cloudimg-rootfs ro console=tty1 console=ttyS0
[    0.000000] Memory: 983024K/1048120K available (12300K kernel code, 2482K rwdata, 4272K rodata, 2436K init, 2724K bss, 65096K reserved, 0K cma-reserved)
[    0.000000] SLUB: HWalign=64, Order=0-3, MinObjects=0, CPUs=2, Nodes=1
[    0.000000] Kernel/User page tables isolation: enabled
[    0.000000] ftrace: allocating 39402 entries in 154 pages
[    0.004000] Hierarchical RCU implementation.
[    0.004000] 	RCU restricting CPUs from NR_CPUS=8192 to nr_cpu_ids=2.
[    0.004000] 	Tasks RCU enabled.
[    0.004000] RCU: Adjusting geometry for rcu_fanout_leaf=16, nr_cpu_ids=2
[    0.004000] NR_IRQS: 524544, nr_irqs: 440, preallocated irqs: 16
[    0.004000] Console: colour VGA+ 80x25
[    0.004000] console [tty1] enabled
[    0.004000] console [ttyS0] enabled
[    0.004000] ACPI: Core revision 20170831
[    0.004000] ACPI: 2 ACPI AML tables successfully acquired and loaded
[    0.004000] APIC: Switch to symmetric I/O mode setup
[    0.004000] x2apic enabled
[    0.004000] Switched APIC routing to physical x2apic.
[    0.005400] ..TIMER: vector=0x30 apic1=0 pin1=2 apic2=-1 pin2=-1
[    0.008004] tsc: Detected 2394.558 MHz processor
[    0.012017] Calibrating delay loop (skipped) preset value.. 4789.11 BogoMIPS (lpj=9578232)
[    0.014564] pid_max: default: 32768 minimum: 301
[    0.016050] Security Framework initialized
[    0.017216] Yama: becoming mindful.
[    0.018251] AppArmor: AppArmor initialized
[    0.021036] Dentry cache hash table entries: 131072 (order: 8, 1048576 bytes)
[    0.023252] Inode-cache hash table entries: 65536 (order: 7, 524288 bytes)
[    0.024043] Mount-cache hash table entries: 2048 (order: 2, 16384 bytes)
[    0.028021] Mountpoint-cache hash table entries: 2048 (order: 2, 16384 bytes)
[    0.032379] Last level iTLB entries: 4KB 512, 2MB 8, 4MB 8
[    0.034038] Last level dTLB entries: 4KB 512, 2MB 32, 4MB 32, 1GB 0
[    0.036010] Spectre V1 : Mitigation: usercopy/swapgs barriers and __user pointer sanitization
[    0.038709] Spectre V2 : Mitigation: Full generic retpoline
[    0.040006] Spectre V2 : Spectre v2 / SpectreRSB mitigation: Filling RSB on context switch
[    0.042322] Speculative Store Bypass: Vulnerable
[    0.044085] MDS: Mitigation: Clear CPU buffers
[    0.045728] Freeing SMP alternatives memory: 36K
[    0.158106] smpboot: CPU0: Intel(R) Core(TM) i3-3110M CPU @ 2.40GHz (family: 0x6, model: 0x3a, stepping: 0x9)
[    0.160000] Performance Events: unsupported p6 CPU model 58 no PMU driver, software events only.
[    0.160120] Hierarchical SRCU implementation.
[    0.164624] NMI watchdog: Perf event create on CPU 0 failed with -2
[    0.166183] NMI watchdog: Perf NMI watchdog permanently disabled
[    0.168000] smp: Bringing up secondary CPUs ...
[    0.168346] x86: Booting SMP configuration:
[    0.169784] .... node  #0, CPUs:      #1
[    0.004000] kvm-clock: cpu 1, msr 0:3ff44041, secondary cpu clock
[    0.179488] smp: Brought up 1 node, 2 CPUs
[    0.180018] smpboot: Max logical packages: 1
[    0.181371] smpboot: Total of 2 processors activated (9578.23 BogoMIPS)
[    0.184082] devtmpfs: initialized
[    0.185267] x86/mm: Memory block size: 128MB
[    0.188354] evm: security.selinux
[    0.189595] evm: security.SMACK64
[    0.190661] evm: security.SMACK64EXEC
[    0.192007] evm: security.SMACK64TRANSMUTE
[    0.193164] evm: security.SMACK64MMAP
[    0.194203] evm: security.apparmor
[    0.195187] evm: security.ima
[    0.196007] evm: security.capability
[    0.197126] clocksource: jiffies: mask: 0xffffffff max_cycles: 0xffffffff, max_idle_ns: 7645041785100000 ns
[    0.200044] futex hash table entries: 512 (order: 3, 32768 bytes)
[    0.202788] pinctrl core: initialized pinctrl subsystem
[    0.204181] RTC time: 11:48:27, date: 10/29/20
[    0.205752] NET: Registered protocol family 16
[    0.208188] audit: initializing netlink subsys (disabled)
[    0.209739] audit: type=2000 audit(1603972112.456:1): state=initialized audit_enabled=0 res=1
[    0.209865] cpuidle: using governor ladder
[    0.212033] cpuidle: using governor menu
[    0.213292] ACPI: bus type PCI registered
[    0.214457] acpiphp: ACPI Hot Plug PCI Controller Driver version: 0.5
[    0.216157] PCI: Using configuration type 1 for base access
[    0.220520] HugeTLB registered 2.00 MiB page size, pre-allocated 0 pages
[    0.222047] ACPI: Added _OSI(Module Device)
[    0.224023] ACPI: Added _OSI(Processor Device)
[    0.225552] ACPI: Added _OSI(3.0 _SCP Extensions)
[    0.228016] ACPI: Added _OSI(Processor Aggregator Device)
[    0.229651] ACPI: Added _OSI(Linux-Dell-Video)
[    0.231059] ACPI: Added _OSI(Linux-Lenovo-NV-HDMI-Audio)
[    0.232012] ACPI: Added _OSI(Linux-HPI-Hybrid-Graphics)
[    0.234189] ACPI: Executed 1 blocks of module-level executable AML code
[    0.242031] ACPI: Interpreter enabled
[    0.243068] ACPI: (supports S0 S5)
[    0.244007] ACPI: Using IOAPIC for interrupt routing
[    0.245756] PCI: Using host bridge windows from ACPI; if necessary, use "pci=nocrs" and report a bug
[    0.248368] ACPI: Enabled 2 GPEs in block 00 to 07
[    0.260488] ACPI: PCI Root Bridge [PCI0] (domain 0000 [bus 00-ff])
[    0.262419] acpi PNP0A03:00: _OSC: OS supports [ASPM ClockPM Segments MSI]
[    0.264921] acpi PNP0A03:00: _OSC: not requesting OS control; OS requires [ExtendedConfig ASPM ClockPM MSI]
[    0.268038] acpi PNP0A03:00: fail to add MMCONFIG information, can't access extended PCI configuration space under this bridge.
[    0.272583] PCI host bridge to bus 0000:00
[    0.273836] pci_bus 0000:00: root bus resource [io  0x0000-0x0cf7 window]
[    0.276022] pci_bus 0000:00: root bus resource [io  0x0d00-0xffff window]
[    0.278135] pci_bus 0000:00: root bus resource [mem 0x000a0000-0x000bffff window]
[    0.280011] pci_bus 0000:00: root bus resource [mem 0x40000000-0xfdffffff window]
[    0.284021] pci_bus 0000:00: root bus resource [bus 00-ff]
[    0.289993] pci 0000:00:01.1: legacy IDE quirk: reg 0x10: [io  0x01f0-0x01f7]
[    0.292019] pci 0000:00:01.1: legacy IDE quirk: reg 0x14: [io  0x03f6]
[    0.293904] pci 0000:00:01.1: legacy IDE quirk: reg 0x18: [io  0x0170-0x0177]
[    0.296013] pci 0000:00:01.1: legacy IDE quirk: reg 0x1c: [io  0x0376]
[    0.326240] pci 0000:00:07.0: quirk: [io  0x4000-0x403f] claimed by PIIX4 ACPI
[    0.328044] pci 0000:00:07.0: quirk: [io  0x4100-0x410f] claimed by PIIX4 SMB
[    0.342636] ACPI: PCI Interrupt Link [LNKA] (IRQs 5 9 10 *11)
[    0.344842] ACPI: PCI Interrupt Link [LNKB] (IRQs 5 9 *10 11)
[    0.348367] ACPI: PCI Interrupt Link [LNKC] (IRQs 5 *9 10 11)
[    0.352199] ACPI: PCI Interrupt Link [LNKD] (IRQs 5 9 10 *11)
[    0.356232] SCSI subsystem initialized
[    0.357437] pci 0000:00:02.0: vgaarb: setting as boot VGA device
[    0.357679] pci 0000:00:02.0: vgaarb: VGA device added: decodes=io+mem,owns=io+mem,locks=none
[    0.360020] pci 0000:00:02.0: vgaarb: bridge control possible
[    0.364015] vgaarb: loaded
[    0.365071] ACPI: bus type USB registered
[    0.368094] usbcore: registered new interface driver usbfs
[    0.370062] usbcore: registered new interface driver hub
[    0.372064] usbcore: registered new device driver usb
[    0.373882] EDAC MC: Ver: 3.0.0
[    0.373882] PCI: Using ACPI for IRQ routing
[    0.376438] NetLabel: Initializing
[    0.377506] NetLabel:  domain hash size = 128
[    0.380009] NetLabel:  protocols = UNLABELED CIPSOv4 CALIPSO
[    0.381773] NetLabel:  unlabeled traffic allowed by default
[    0.384180] clocksource: Switched to clocksource kvm-clock
[    0.407208] VFS: Disk quotas dquot_6.6.0
[    0.408700] VFS: Dquot-cache hash table entries: 512 (order 0, 4096 bytes)
[    0.412648] AppArmor: AppArmor Filesystem Enabled
[    0.414651] pnp: PnP ACPI init
[    0.416913] pnp: PnP ACPI: found 3 devices
[    0.430463] clocksource: acpi_pm: mask: 0xffffff max_cycles: 0xffffff, max_idle_ns: 2085701024 ns
[    0.434183] NET: Registered protocol family 2
[    0.436828] TCP established hash table entries: 8192 (order: 4, 65536 bytes)
[    0.439602] TCP bind hash table entries: 8192 (order: 5, 131072 bytes)
[    0.442410] TCP: Hash tables configured (established 8192 bind 8192)
[    0.448634] UDP hash table entries: 512 (order: 2, 16384 bytes)
[    0.450278] UDP-Lite hash table entries: 512 (order: 2, 16384 bytes)
[    0.452227] NET: Registered protocol family 1
[    0.453563] pci 0000:00:00.0: Limiting direct PCI/PCI transfers
[    0.455180] pci 0000:00:01.0: Activating ISA DMA hang workarounds
[    0.456911] pci 0000:00:02.0: Video device with shadowed ROM at [mem 0x000c0000-0x000dffff]
[    0.459686] Unpacking initramfs...
[    0.826493] Freeing initrd memory: 19224K
[    0.827910] clocksource: tsc: mask: 0xffffffffffffffff max_cycles: 0x2284227c47e, max_idle_ns: 440795245431 ns
[    0.831138] platform rtc_cmos: registered platform RTC device (no PNP device found)
[    0.833349] Scanning for low memory corruption every 60 seconds
[    0.835874] Initialise system trusted keyrings
[    0.837243] Key type blacklist registered
[    0.838785] workingset: timestamp_bits=36 max_order=18 bucket_order=0
[    0.841973] zbud: loaded
[    0.843891] squashfs: version 4.0 (2009/01/31) Phillip Lougher
[    0.845981] fuse init (API version 7.26)
[    0.853255] Key type asymmetric registered
[    0.854659] Asymmetric key parser 'x509' registered
[    0.856352] Block layer SCSI generic (bsg) driver version 0.4 loaded (major 246)
[    0.858804] io scheduler noop registered
[    0.859919] io scheduler deadline registered
[    0.861237] io scheduler cfq registered (default)
[    0.862993] ACPI: AC Adapter [AC] (on-line)
[    0.864305] input: Power Button as /devices/LNXSYSTM:00/LNXPWRBN:00/input/input0
[    0.866718] ACPI: Power Button [PWRF]
[    0.867919] input: Sleep Button as /devices/LNXSYSTM:00/LNXSLPBN:00/input/input1
[    0.870851] ACPI: Sleep Button [SLPF]
[    0.873294] ACPI: Battery Slot [BAT0] (battery present)
[    0.874997] Serial: 8250/16550 driver, 32 ports, IRQ sharing enabled
[    0.897790] 00:02: ttyS0 at I/O 0x3f8 (irq = 4, base_baud = 115200) is a 16550A
[    0.905520] Linux agpgart interface v0.103
[    0.909609] loop: module loaded
[    0.911591] scsi host0: ata_piix
[    0.912857] scsi host1: ata_piix
[    0.913860] ata1: PATA max UDMA/33 cmd 0x1f0 ctl 0x3f6 bmdma 0xd000 irq 14
[    0.915696] ata2: PATA max UDMA/33 cmd 0x170 ctl 0x376 bmdma 0xd008 irq 15
[    0.917795] libphy: Fixed MDIO Bus: probed
[    0.919335] tun: Universal TUN/TAP device driver, 1.6
[    0.920953] PPP generic driver version 2.4.2
[    0.922325] ehci_hcd: USB 2.0 'Enhanced' Host Controller (EHCI) Driver
[    0.924171] ehci-pci: EHCI PCI platform driver
[    0.925454] ehci-platform: EHCI generic platform driver
[    0.927055] ohci_hcd: USB 1.1 'Open' Host Controller (OHCI) Driver
[    0.929482] ohci-pci: OHCI PCI platform driver
[    0.931966] ohci-platform: OHCI generic platform driver
[    0.933520] uhci_hcd: USB Universal Host Controller Interface driver
[    0.935379] i8042: PNP: PS/2 Controller [PNP0303:PS2K,PNP0f03:PS2M] at 0x60,0x64 irq 1,12
[    0.938358] serio: i8042 KBD port at 0x60,0x64 irq 1
[    0.939840] serio: i8042 AUX port at 0x60,0x64 irq 12
[    0.941719] mousedev: PS/2 mouse device common for all mice
[    0.944408] rtc_cmos rtc_cmos: rtc core: registered rtc_cmos as rtc0
[    0.946251] input: AT Translated Set 2 keyboard as /devices/platform/i8042/serio0/input/input2
[    0.948226] rtc_cmos rtc_cmos: alarms up to one day, 114 bytes nvram
[    0.952115] i2c /dev entries driver
[    0.954068] device-mapper: uevent: version 1.0.3
[    0.956078] device-mapper: ioctl: 4.37.0-ioctl (2017-09-20) initialised: dm-devel@redhat.com
[    0.959114] ledtrig-cpu: registered to indicate activity on CPUs
[    0.962515] NET: Registered protocol family 10
[    0.970419] Segment Routing with IPv6
[    0.971627] NET: Registered protocol family 17
[    0.973377] Key type dns_resolver registered
[    0.975407] mce: Using 0 MCE banks
[    0.976790] RAS: Correctable Errors collector initialized.
[    0.979030] sched_clock: Marking stable (976710694, 0)->(1230365685, -253654991)
[    0.982054] registered taskstats version 1
[    0.983306] Loading compiled-in X.509 certificates
[    0.988563] Loaded X.509 cert 'Build time autogenerated kernel key: 517b2180bafe62ad6f81db3336688475b28504c0'
[    0.991411] zswap: loaded using pool lzo/zbud
[    0.999736] Key type big_key registered
[    1.000992] Key type trusted registered
[    1.005165] Key type encrypted registered
[    1.007685] AppArmor: AppArmor sha1 policy hashing enabled
[    1.009975] ima: No TPM chip found, activating TPM-bypass! (rc=-19)
[    1.011908] ima: Allocated hash algorithm: sha1
[    1.013460] evm: HMAC attrs: 0x1
[    1.014828]   Magic number: 8:159:834
[    1.016165] rtc_cmos rtc_cmos: setting system clock to 2020-10-29 11:48:28 UTC (1603972108)
[    1.019112] BIOS EDD facility v0.16 2004-Jun-25, 0 devices found
[    1.020914] EDD information not available.
[    1.105614] Freeing unused kernel image memory: 2436K
[    1.120222] Write protecting the kernel read-only data: 20480k
[    1.124982] Freeing unused kernel image memory: 2008K
[    1.129335] Freeing unused kernel image memory: 1872K
[    1.140577] x86/mm: Checked W+X mappings: passed, no W+X pages found.
[    1.142947] x86/mm: Checking user space page tables
[    1.154962] x86/mm: Checked W+X mappings: passed, no W+X pages found.
Loading, please wait...
starting version 237
[    1.275928] Fusion MPT base driver 3.04.20
[    1.280405] Copyright (c) 1999-2008 LSI Corporation
[    1.303792] e1000: Intel(R) PRO/1000 Network Driver - version 7.3.21-k8-NAPI
[    1.309124] e1000: Copyright (c) 1999-2006 Intel Corporation.
[    1.328543] Fusion MPT SPI Host driver 3.04.20
[    1.341892] mptbase: ioc0: Initiating bringup
[    1.529793] input: ImExPS/2 Generic Explorer Mouse as /devices/platform/i8042/serio1/input/input4
[    1.552500] ioc0: LSI53C1030 A0: Capabilities={Initiator}
[    4.311416] scsi host2: ioc0: LSI53C1030 A0, FwRev=00000000h, Ports=1, MaxQ=256, IRQ=20
[    6.845854] scsi 2:0:0:0: Direct-Access     VBOX     HARDDISK         1.0  PQ: 0 ANSI: 5
[    7.216275] scsi target2:0:0: Beginning Domain Validation
[    7.221235] scsi target2:0:0: Domain Validation skipping write tests
[    7.224934] scsi target2:0:0: Ending Domain Validation
[    7.227669] scsi target2:0:0: asynchronous
[    7.230090] scsi 2:0:1:0: Direct-Access     VBOX     HARDDISK         1.0  PQ: 0 ANSI: 5
[    7.245559] e1000 0000:00:03.0 eth0: (PCI:33MHz:32-bit) 02:c6:b0:25:69:cb
[    7.248409] e1000 0000:00:03.0 eth0: Intel(R) PRO/1000 Network Connection
[    7.252640] e1000 0000:00:03.0 enp0s3: renamed from eth0
[    7.308113] scsi target2:0:1: Beginning Domain Validation
[    7.316172] random: fast init done
[    7.318524] random: systemd-udevd: uninitialized urandom read (16 bytes read)
[    7.321180] scsi target2:0:1: Domain Validation skipping write tests
[    7.323080] scsi target2:0:1: Ending Domain Validation
[    7.326437] scsi target2:0:1: asynchronous
[    7.333584] random: systemd-udevd: uninitialized urandom read (16 bytes read)
[    7.335935] random: systemd-udevd: uninitialized urandom read (16 bytes read)
[    7.339584] sd 2:0:0:0: [sda] 20971520 512-byte logical blocks: (10.7 GB/10.0 GiB)
[    7.341921] sd 2:0:0:0: [sda] Write Protect is off
[    7.343509] sd 2:0:0:0: Attached scsi generic sg0 type 0
[    7.345060] sd 2:0:0:0: [sda] Incomplete mode parameter data
[    7.347301] sd 2:0:0:0: [sda] Assuming drive cache: write through
[    7.349645] sd 2:0:1:0: Attached scsi generic sg1 type 0
[    7.351587] sd 2:0:1:0: [sdb] 20480 512-byte logical blocks: (10.5 MB/10.0 MiB)
[    7.354422] sd 2:0:1:0: [sdb] Write Protect is off
[    7.356453] sd 2:0:1:0: [sdb] Incomplete mode parameter data
[    7.359016] sd 2:0:1:0: [sdb] Assuming drive cache: write through
[    7.375217]  sda: sda1
[    7.379547] sd 2:0:0:0: [sda] Attached SCSI disk
[    7.423918] sd 2:0:1:0: [sdb] Attached SCSI disk
Begin: Loading essential drivers ... [    9.126542] raid6: sse2x1   gen()  7559 MB/s
[    9.173794] raid6: sse2x1   xor()  4772 MB/s
[    9.226434] raid6: sse2x2   gen()  8754 MB/s
[    9.280665] raid6: sse2x2   xor()  4602 MB/s
[    9.329770] raid6: sse2x4   gen()  8464 MB/s
[    9.376492] raid6: sse2x4   xor()  6090 MB/s
[    9.377797] raid6: using algorithm sse2x2 gen() 8754 MB/s
[    9.379531] raid6: .... xor() 4602 MB/s, rmw enabled
[    9.381142] raid6: using ssse3x2 recovery algorithm
[    9.386388] xor: automatically using best checksumming function   avx       
[    9.391421] async_tx: api initialized (async)
done.
Begin: Running /scripts/init-premount ... done.
Begin: Mounting root file system ... Begin: Running /scripts/local-top ... done.
Begin: Running /scripts/local-premount ... [    9.476550] Btrfs loaded, crc32c=crc32c-intel
Scanning for Btrfs filesystems
done.
Warning: fsck not present, so skipping root file system
[    9.642697] EXT4-fs (sda1): mounted filesystem with ordered data mode. Opts: (null)
done.
Begin: Running /scripts/local-bottom ... done.
Begin: Running /scripts/init-bottom ... done.
[   10.748532] ip_tables: (C) 2000-2006 Netfilter Core Team
[   10.875916] systemd[1]: systemd 237 running in system mode. (+PAM +AUDIT +SELINUX +IMA +APPARMOR +SMACK +SYSVINIT +UTMP +LIBCRYPTSETUP +GCRYPT +GNUTLS +ACL +XZ +LZ4 +SECCOMP +BLKID +ELFUTILS +KMOD -IDN2 +IDN -PCRE2 default-hierarchy=hybrid)
[   10.885109] systemd[1]: Detected virtualization oracle.
[   10.887896] systemd[1]: Detected architecture x86-64.

Welcome to [1mUbuntu 18.04.5 LTS[0m!

[   10.920449] systemd[1]: Set hostname to <ubuntu>.
[   10.947206] systemd[1]: Initializing machine ID from random generator.
[   10.950767] systemd[1]: Installed transient /etc/machine-id file.
[   11.542819] random: crng init done
[   11.544985] random: 7 urandom warning(s) missed due to ratelimiting
[   12.914439] systemd[1]: Reached target Swap.
[[0;32m  OK  [0m] Reached target Swap.
[   12.917595] systemd[1]: Started Forward Password Requests to Wall Directory Watch.
[[0;32m  OK  [0m] Started Forward Password Requests to Wall Directory Watch.
[   12.922961] systemd[1]: Reached target System Time Synchronized.
[[0;32m  OK  [0m] Reached target System Time Synchronized.
[   12.928914] systemd[1]: Created slice User and Session Slice.
[[0;32m  OK  [0m] Created slice User and Session Slice.
[[0;32m  OK  [0m] Reached target User and Group Name Lookups.
[[0;32m  OK  [0m] Set up automount Arbitrary Executab…rmats File System Automount Point.
[[0;32m  OK  [0m] Created slice System Slice.
[[0;32m  OK  [0m] Listening on Journal Audit Socket.
[[0;32m  OK  [0m] Listening on udev Control Socket.
[[0;32m  OK  [0m] Listening on LVM2 metadata daemon socket.
[[0;32m  OK  [0m] Listening on Syslog Socket.
[[0;32m  OK  [0m] Listening on Journal Socket (/dev/log).
[[0;32m  OK  [0m] Listening on /dev/initctl Compatibility Named Pipe.
[[0;32m  OK  [0m] Reached target Slices.
[[0;32m  OK  [0m] Created slice system-serial\x2dgetty.slice.
[[0;32m  OK  [0m] Listening on Journal Socket.
         Mounting POSIX Message Queue File System...
         Starting Set the console keyboard layout...
         Mounting Huge Pages File System...
         Starting Remount Root and Kernel File Systems...
         Mounting Kernel Debug File System...
[[0;32m  OK  [0m] Listening on Device-mapper event daemon FIFOs.
         Starting Monitoring of LVM2 mirrors…ng dmeventd or progress polling...
[[0;32m  OK  [0m] Listening on udev Kernel Socket.
         Starting udev Coldplug all Devices...
         Starting Journal Service...
         Starting Uncomplicated firewall...
[[0;32m  OK  [0m] Listening on LVM2 poll daemon socket.
[[0;32m  OK  [0m] Listening on Network Service Netlink Socket.
         Starting Create list of required st…ce nodes for the current kernel...
         Starting Load Kernel Modules...
[[0;32m  OK  [0m] Mounted POSIX Message Queue File System.
[[0;32m  OK  [0m] Mounted Huge Pages File System.
[[0;32m  OK  [0m] Mounted Kernel Debug File System.
[[0;32m  OK  [0m] Started Uncomplicated firewall.
[   14.743675] EXT4-fs (sda1): re-mounted. Opts: (null)
[[0;32m  OK  [0m] Started Create list of required sta…vice nodes for the current kernel.
[[0;32m  OK  [0m] Started Remount Root and Kernel File Systems.
[[0;32m  OK  [0m] Started Journal Service.
         Starting Load/Save Random Seed...
         Starting Flush Journal to Persistent Storage...
         Starting Create Static Device Nodes in /dev...
[[0;32m  OK  [0m] Started LVM2 metadata daemon.
[[0;32m  OK  [0m] Started udev Coldplug all Devices.
[   14.975375] Loading iSCSI transport class v2.0-870.
[[0;32m  OK  [0m] Started Load/Save Random Seed.
[   15.029966] systemd-journald[378]: Received request to flush runtime journal from PID 1
[   15.155691] iscsi: registered transport (tcp)
[[0;32m  OK  [0m] Started Set the console keyboard layout.
[   15.954658] iscsi: registered transport (iser)
[[0;32m  OK  [0m] Started Load Kernel Modules.
         Mounting FUSE Control File System...
         Starting Apply Kernel Variables...
         Mounting Kernel Configuration File System...
[[0;32m  OK  [0m] Started Flush Journal to Persistent Storage.
[[0;32m  OK  [0m] Mounted FUSE Control File System.
[[0;32m  OK  [0m] Started Create Static Device Nodes in /dev.
[[0;32m  OK  [0m] Mounted Kernel Configuration File System.
         Starting udev Kernel Device Manager...
[[0;32m  OK  [0m] Started Monitoring of LVM2 mirrors,…sing dmeventd or progress polling.
[[0;32m  OK  [0m] Reached target Local File Systems (Pre).
[[0;32m  OK  [0m] Reached target Local File Systems.
         Starting Create Volatile Files and Directories...
         Starting ebtables ruleset management...
         Starting Commit a transient machine-id on disk...
         Starting AppArmor initialization...
         Starting Tell Plymouth To Write Out Runtime Data...
         Starting Set console font and keymap...
[[0;32m  OK  [0m] Started Apply Kernel Variables.
[[0;32m  OK  [0m] Started Create Volatile Files and Directories.
         Starting Update UTMP about System Boot/Shutdown...
[[0;32m  OK  [0m] Started Set console font and keymap.
[[0;32m  OK  [0m] Started Tell Plymouth To Write Out Runtime Data.
[[0;32m  OK  [0m] Started Update UTMP about System Boot/Shutdown.
[[0;32m  OK  [0m] Started Commit a transient machine-id on disk.
[[0;32m  OK  [0m] Started udev Kernel Device Manager.
[[0;32m  OK  [0m] Started Dispatch Password Requests to Console Directory Watch.
[[0;32m  OK  [0m] Reached target Local Encrypted Volumes.
[[0;32m  OK  [0m] Started ebtables ruleset management.
[[0;32m  OK  [0m] Found device /dev/ttyS0.
[[0;32m  OK  [0m] Listening on Load/Save RF Kill Switch Status /dev/rfkill Watch.
[[0;32m  OK  [0m] Started AppArmor initialization.
         Starting Load AppArmor profiles managed internally by snapd...
         Starting Initial cloud-init job (pre-networking)...
[[0;32m  OK  [0m] Started Load AppArmor profiles managed internally by snapd.
[   24.271889] cloud-init[541]: Cloud-init v. 20.3-2-g371b392c-0ubuntu1~18.04.1 running 'init-local' at Thu, 29 Oct 2020 11:48:50 +0000. Up 23.42 seconds.
[[0;32m  OK  [0m] Started Initial cloud-init job (pre-networking).
[[0;32m  OK  [0m] Reached target Network (Pre).
         Starting Network Service...
[[0;32m  OK  [0m] Started Network Service.
         Starting Network Name Resolution...
         Starting Wait for Network to be Configured...
[[0;32m  OK  [0m] Started Network Name Resolution.
[[0;32m  OK  [0m] Reached target Network.
[[0;32m  OK  [0m] Reached target Host and Network Name Lookups.
[[0;32m  OK  [0m] Started Wait for Network to be Configured.
         Starting Initial cloud-init job (metadata service crawler)...
[   27.418579] cloud-init[661]: Cloud-init v. 20.3-2-g371b392c-0ubuntu1~18.04.1 running 'init' at Thu, 29 Oct 2020 11:48:54 +0000. Up 27.12 seconds.
[   27.433829] cloud-init[661]: ci-info: ++++++++++++++++++++++++++++++++++++++Net device info++++++++++++++++++++++++++++++++++++++
[   27.450570] cloud-init[661]: ci-info: +--------+------+----------------------------+---------------+--------+-------------------+
[   27.464351] cloud-init[661]: ci-info: | Device |  Up  |          Address           |      Mask     | Scope  |     Hw-Address    |
[   27.480702] cloud-init[661]: ci-info: +--------+------+----------------------------+---------------+--------+-------------------+
[   27.482194] cloud-init[661]: ci-info: | enp0s3 | True |         10.0.2.15          | 255.255.255.0 | global | 02:c6:b0:25:69:cb |
[   27.485994] cloud-init[661]: ci-info: | enp0s3 | True | fe80::c6:b0ff:fe25:69cb/64 |       .       |  link  | 02:c6:b0:25:69:cb |
[   27.487613] cloud-init[661]: ci-info: |   lo   | True |         127.0.0.1          |   255.0.0.0   |  host  |         .         |
[   27.489795] cloud-init[661]: ci-info: |   lo   | True |          ::1/128           |       .       |  host  |         .         |
[   27.491810] cloud-init[661]: ci-info: +--------+------+----------------------------+---------------+--------+-------------------+
[   27.493856] cloud-init[661]: ci-info: ++++++++++++++++++++++++++++Route IPv4 info+++++++++++++++++++++++++++++
[   27.495341] cloud-init[661]: ci-info: +-------+-------------+----------+-----------------+-----------+-------+
[   27.497645] cloud-init[661]: ci-info: | Route | Destination | Gateway  |     Genmask     | Interface | Flags |
[   27.499420] cloud-init[661]: ci-info: +-------+-------------+----------+-----------------+-----------+-------+
[   27.505857] cloud-init[661]: ci-info: |   0   |   0.0.0.0   | 10.0.2.2 |     0.0.0.0     |   enp0s3  |   UG  |
[   27.507982] cloud-init[661]: ci-info: |   1   |   10.0.2.0  | 0.0.0.0  |  255.255.255.0  |   enp0s3  |   U   |
[   27.524407] cloud-init[661]: ci-info: |   2   |   10.0.2.2  | 0.0.0.0  | 255.255.255.255 |   enp0s3  |   UH  |
[   27.525953] cloud-init[661]: ci-info: +-------+-------------+----------+-----------------+-----------+-------+
[   27.540469] cloud-init[661]: ci-info: +++++++++++++++++++Route IPv6 info+++++++++++++++++++
[   27.541757] cloud-init[661]: ci-info: +-------+-------------+---------+-----------+-------+
[   27.543132] cloud-init[661]: ci-info: | Route | Destination | Gateway | Interface | Flags |
[   27.556561] cloud-init[661]: ci-info: +-------+-------------+---------+-----------+-------+
[   27.558631] cloud-init[661]: ci-info: |   1   |  fe80::/64  |    ::   |   enp0s3  |   U   |
[   27.563090] cloud-init[661]: ci-info: |   3   |    local    |    ::   |   enp0s3  |   U   |
[   27.564449] cloud-init[661]: ci-info: |   4   |   ff00::/8  |    ::   |   enp0s3  |   U   |
[   27.576378] cloud-init[661]: ci-info: +-------+-------------+---------+-----------+-------+
[   31.061779] cloud-init[661]: Generating public/private rsa key pair.
[   31.066691] cloud-init[661]: Your identification has been saved in /etc/ssh/ssh_host_rsa_key.
[   31.069932] cloud-init[661]: Your public key has been saved in /etc/ssh/ssh_host_rsa_key.pub.
[   31.072791] cloud-init[661]: The key fingerprint is:
[   31.074940] cloud-init[661]: SHA256:Fqg04gzyFIrTc0S2OM+S7SSCKF4cLq3VLNiPZqMDu2o root@ubuntu-bionic
[   31.077151] cloud-init[661]: The key's randomart image is:
[   31.078729] cloud-init[661]: +---[RSA 2048]----+
[   31.084420] cloud-init[661]: |  ..+            |
[   31.103595] cloud-init[661]: |.o = . .         |
[   31.123564] cloud-init[661]: |* B.= . .        |
[   31.143528] cloud-init[661]: |+B*@+o   .       |
[   31.146845] cloud-init[661]: |=oBO*o  S        |
[   31.148794] cloud-init[661]: |+.==+  .         |
[   31.150465] cloud-init[661]: |.+ =..           |
[   31.152447] cloud-init[661]: |.E+ .            |
[   31.153779] cloud-init[661]: |=o.              |
[   31.164579] cloud-init[661]: +----[SHA256]-----+
[   31.183182] cloud-init[661]: Generating public/private dsa key pair.
[[0;32m  OK  [0m[   31.197447] cloud-init[661]: Your identification has been saved in /etc/ssh/ssh_host_dsa_key.
[   31.203695] cloud-init[661]: Your public key has been saved in /etc/ssh/ssh_host_dsa_key.pub.
[   31.203842] cloud-init[661]: The key fingerprint is:
[   31.203976] cloud-init[661]: SHA256:zRRQ4Douvldn4OMXL6O1fpSNBosLQ4UKmSweW6K2Aus root@ubuntu-bionic
[   31.204093] cloud-init[661]: The key's randomart image is:
[   31.204211] cloud-init[661]: +---[DSA 1024]----+
[   31.204355] cloud-init[661]: | . o   .o+o      |
[   31.204472] cloud-init[661]: |.o=.  ...  .     |
[   31.204594] cloud-init[661]: |o.=. . .. .      |
[   31.204721] cloud-init[661]: |o+  . ...+.      |
[   31.204852] cloud-init[661]: |o..  .o.Sooo +   |
[   31.204983] cloud-init[661]: |o.   .o.= = = .  |
[   31.205189] cloud-init[661]: |o   . .= =.=     |
[   31.205323] cloud-init[661]: | E . .. o.+.o    |
] Started Initial cloud-init job (metadata service crawler).
[   31.205448] cloud-init[661]: |    oo  .+o+     |
[   31.211227] cloud-init[661]: +----[SHA256]-----+
[   31.211418] cloud-init[661]: Generating public/private ecdsa key pair.
[   31.211689] cloud-init[661]: Your identification has been saved in /etc/ssh/ssh_host_ecdsa_key.
[   31.211877] cloud-init[661]: Your public key has been saved in /etc/ssh/ssh_host_ecdsa_key.pub.
[   31.211986] cloud-init[661]: The key fingerprint is:
[   31.212118] cloud-init[661]: SHA256:bzoiDMDmrzrF7RAzsgi6BsTUxaih0NJ1ESmxcKhrgVQ root@ubuntu-bionic
[   31.212244] cloud-init[661]: The key's randomart image is:
[   31.212452] cloud-init[661]: +---[ECDSA 256]---+
[   31.212587] cloud-init[661]: | o+EBo++         |
[   31.212700] cloud-init[661]: |o++=.+.          |
[   31.212801] cloud-init[661]: |Ooo ..           |
[   31.212893] cloud-init[661]: |BB+              |
[   31.212984] cloud-init[661]: |B*.=    S        |
[   31.213117] cloud-init[661]: |*o= .    .       |
[   31.213241] cloud-init[661]: |oo.=      o      |
[   31.213347] cloud-init[661]: |o. .+ . .o       |
[   31.213466] cloud-init[661]: |+o.  . ...       |
[   31.213625] cloud-init[661]: +----[SHA256]-----+
[   31.216481] cloud-init[661]: Generating public/private ed25519 key pair.
[   31.218260] cloud-init[661]: Your identification has been saved in /etc/ssh/ssh_host_ed25519_key.
[   31.246096] cloud-init[661]: Your public key has been saved in /etc/ssh/ssh_host_ed25519_key.pub.
[   31.249352] cloud-init[661]: The key fingerprint is:
[   31.252133] cloud-init[661]: SHA256:0wqZoMq+5ZoY4eK+P1oFTKt07wAokoir+I9092fcoNY root@ubuntu-bionic
[[0;32m  OK  [0m[   31.257941] cloud-init[661]: The key's randomart image is:
[   31.258213] cloud-init[661]: +--[ED25519 256]--+
[   31.258905] cloud-init[661]: |   .             |
[   31.260536] cloud-init[661]: |+.o .            |
[   31.260881] cloud-init[661]: |Bo =.            |
] Reached target Network is Online.
[   31.261022] cloud-init[661]: |+.+.o. o .       |
[   31.271303] cloud-init[661]: |o... o+ S .      |
[   31.278026] cloud-init[661]: |=o  +  . o.      |
[   31.282243] cloud-init[661]: |*o.o... .+ o     |
[   31.282422] cloud-init[661]: |=+=+ . .o E .    |
[   31.296421] cloud-init[661]: |oXO+o  ..o       |
[   31.299998] cloud-init[661]: +----[SHA256]-----+
         Starting Availability of block devices...
[[0;32m  OK  [0m] Reached target Remote File Systems (Pre).
[[0;32m  OK  [0m] Reached target Remote File Systems.
[[0;32m  OK  [0m] Reached target Cloud-config availability.
[[0;32m  OK  [0m] Reached target System Initialization.
[[0;32m  OK  [0m] Started Discard unused blocks once a week.
[[0;32m  OK  [0m] Listening on ACPID Listen Socket.
[[0;32m  OK  [0m] Listening on UUID daemon activation socket.
[[0;32m  OK  [0m] Started ACPI Events Check.
[[0;32m  OK  [0m] Started Daily Cleanup of Temporary Directories.
[[0;32m  OK  [0m] Listening on Open-iSCSI iscsid Socket.
[[0;32m  OK  [0m] Started Daily apt download activities.
[[0;32m  OK  [0m] Started Daily apt upgrade and clean activities.
         Starting LXD - unix socket.
         Starting Socket activation for snappy daemon.
[[0;32m  OK  [0m] Listening on D-Bus System Message Bus Socket.
[[0;32m  OK  [0m] Started Message of the Day.
[[0;32m  OK  [0m] Reached target Timers.
[[0;32m  OK  [0m] Reached target Paths.
[[0;32m  OK  [0m] Started Availability of block devices.
[[0;32m  OK  [0m] Listening on LXD - unix socket.
[[0;32m  OK  [0m] Listening on Socket activation for snappy daemon.
[[0;32m  OK  [0m] Reached target Sockets.
[[0;32m  OK  [0m] Reached target Basic System.
         Starting LSB: automatic crash report generation...
         Starting Dispatcher daemon for systemd-networkd...
         Starting System Logging Service...
         Starting Virtualbox guest utils...
[[0;32m  OK  [0m] Started Regular background program processing daemon.
         Starting Login Service...
[[0;32m  OK  [0m] Started Deferred execution scheduler.
         Starting LSB: Record successful boot for GRUB...
[[0;32m  OK  [0m] Started D-Bus System Message Bus.
[[0;32m  OK  [0m] Started Login Service.
         Starting Pollinate to seed the pseudo random number generator...
[[0;32m  OK  [0m] Started irqbalance daemon.
         Starting Accounts Service...
[[0;32m  OK  [0m] Started Unattended Upgrades Shutdown.
         Starting Snap Daemon...
[[0;32m  OK  [0m] Started FUSE filesystem for LXC.
         Starting Permit User Sessions...
         Starting LXD - container startup/shutdown...
[[0;32m  OK  [0m] Started System Logging Service.
[[0;32m  OK  [0m] Started Permit User Sessions.
         Starting Hold until boot process finishes up...
         Starting Terminate Plymouth Boot Screen...
[[0;32m  OK  [0m] Started Hold until boot process finishes up.
         Starting Set console scheme...
[[0;32m  OK  [0m] Started Serial Getty on ttyS0.
[[0;32m  OK  [0m] Started Terminate Plymouth Boot Screen.
[[0;32m  OK  [0m] Started Set console scheme.
[[0;32m  OK  [0m] Created slice system-getty.slice.
[[0;32m  OK  [0m] Started Getty on tty1.
[[0;32m  OK  [0m] Reached target Login Prompts.
[[0;32m  OK  [0m] Started LSB: automatic crash report generation.
         Starting Authorization Manager...
[[0;32m  OK  [0m] Started LSB: Record successful boot for GRUB.
[[0;32m  OK  [0m] Started Virtualbox guest utils.
[[0;32m  OK  [0m] Started Authorization Manager.
[[0;32m  OK  [0m] Started Accounts Service.
[[0;32m  OK  [0m] Started Dispatcher daemon for systemd-networkd.
[[0;32m  OK  [0m] Started LXD - container startup/shutdown.

Ubuntu 18.04.5 LTS ubuntu-bionic ttyS0

ubuntu-bionic login: [   53.374897] cloud-init[1660]: Cloud-init v. 20.3-2-g371b392c-0ubuntu1~18.04.1 running 'modules:config' at Thu, 29 Oct 2020 11:49:18 +0000. Up 51.35 seconds.
ci-info: no authorized SSH keys fingerprints found for user ubuntu.
<14>Oct 29 11:49:22 ec2: 
<14>Oct 29 11:49:22 ec2: #############################################################
<14>Oct 29 11:49:22 ec2: -----BEGIN SSH HOST KEY FINGERPRINTS-----
<14>Oct 29 11:49:22 ec2: 1024 SHA256:zRRQ4Douvldn4OMXL6O1fpSNBosLQ4UKmSweW6K2Aus root@ubuntu-bionic (DSA)
<14>Oct 29 11:49:22 ec2: 256 SHA256:bzoiDMDmrzrF7RAzsgi6BsTUxaih0NJ1ESmxcKhrgVQ root@ubuntu-bionic (ECDSA)
<14>Oct 29 11:49:22 ec2: 256 SHA256:0wqZoMq+5ZoY4eK+P1oFTKt07wAokoir+I9092fcoNY root@ubuntu-bionic (ED25519)
<14>Oct 29 11:49:22 ec2: 2048 SHA256:Fqg04gzyFIrTc0S2OM+S7SSCKF4cLq3VLNiPZqMDu2o root@ubuntu-bionic (RSA)
<14>Oct 29 11:49:22 ec2: -----END SSH HOST KEY FINGERPRINTS-----
<14>Oct 29 11:49:22 ec2: #############################################################
-----BEGIN SSH HOST KEY KEYS-----
ecdsa-sha2-nistp256 AAAAE2VjZHNhLXNoYTItbmlzdHAyNTYAAAAIbmlzdHAyNTYAAABBBAtjhlkjZVigkPLJ4LVdSF/Sd8dJAHb6JsWRmtU3An64GTAqYVK8DepMM3XHLXssvmUjwt6WvV6mcPD2Jn6lUZY= root@ubuntu-bionic
ssh-ed25519 AAAAC3NzaC1lZDI1NTE5AAAAIJ8WphHdGFNrj6x1glah6oR7CFgIYrYxFwOKvtR5LEnS root@ubuntu-bionic
ssh-rsa AAAAB3NzaC1yc2EAAAADAQABAAABAQDgTiUMh3CqYokn3miKL0jK5sLgfgmK9X7AgZVDnsqGa3Fh+nUpZ4glueFw5SR9M6qt54AQRsaZwc7FCOI0KB3E9N5lW8ZSJ5CHr0Jp7AbBb1EGQMFFYu23yweWEUaKcxlENbziOWt9YoDuPQG6F+npQvLCzYBN93fp7kNs1kS8HFOdKEiRyJgXmMcY4eJK2UPRal4ro3w3h3oTbCqMZTRzi2Tf4hKVC/F7g6CUPRYEmS9fXW4zAV+RKiWm2XcNMR54D+K8E5QsZsTI/NuRUEI1T5C/62VT18QT5A8owEdipa8ulIUQk6twaQR90HRG2vDLkeb2198+qt7PC60AIMeH root@ubuntu-bionic
-----END SSH HOST KEY KEYS-----
[   54.594257] cloud-init[1810]: Cloud-init v. 20.3-2-g371b392c-0ubuntu1~18.04.1 running 'modules:final' at Thu, 29 Oct 2020 11:49:21 +0000. Up 54.25 seconds.
[   54.595723] cloud-init[1810]: ci-info: no authorized SSH keys fingerprints found for user ubuntu.
[   54.596829] cloud-init[1810]: Cloud-init v. 20.3-2-g371b392c-0ubuntu1~18.04.1 finished at Thu, 29 Oct 2020 11:49:22 +0000. Datasource DataSourceNoCloud [seed=/dev/sdb][dsmode=net].  Up 54.57 seconds
